<?xml version="1.0" encoding="UTF-8"?>
<testsuite xmlns:xsi="http://www.w3.org/2001/XMLSchema-instance" xsi:noNamespaceSchemaLocation="https://maven.apache.org/surefire/maven-surefire-plugin/xsd/surefire-test-report.xsd" name="com.sg.guesgame.Data.gameDaoImplTest" time="7.206" tests="5" errors="0" skipped="0" failures="0">
  <properties>
[...]
</properties>
  <testcase name="testStartGame" classname="com.sg.guesgame.Data.gameDaoImplTest" time="0.588"/>
  <testcase name="testGetAllgames" classname="com.sg.guesgame.Data.gameDaoImplTest" time="0.024"/>
  <testcase name="testUpdateGame" classname="com.sg.guesgame.Data.gameDaoImplTest" time="0.044"/>
  <testcase name="testGuessNumber" classname="com.sg.guesgame.Data.gameDaoImplTest" time="0.013"/>
  <testcase name="testAddGetGameById" classname="com.sg.guesgame.Data.gameDaoImplTest" time="0.014"/>
</testsuite>